2	02:35:19.122	Alograg_v4 EURGBP,H4: modify #33900818 sell 0.01 EURGBP at 0.88872 sl: 0.00000 tp: 0.88632 ok
2	05:03:50.590	Alograg_v4 EURGBP,H4: modify #33905363 buy 0.01 USDMXN at 18.97121 sl: 0.00000 tp: 18.97361 ok
2	08:11:25.667	Alograg_v4 USDMXN,H4: modify #33911686 sell 0.01 EURUSD at 1.17900 sl: 0.00000 tp: 1.17660 ok
2	13:22:21.131	Alograg_v4 EURGBP,H4: modify #33943247 buy 0.01 EURUSD at 1.18056 sl: 0.00000 tp: 1.18296 ok
2	13:23:35.481	Alograg_v4 USDMXN,H4: modify #33943274 buy 0.01 USDMXN at 19.04494 sl: 0.00000 tp: 19.04734 ok
2	13:40:27.502	Alograg_v4 USDMXN,H4: modify #33944718 buy 0.01 USDMXN at 19.05845 sl: 0.00000 tp: 19.06085 ok
2	13:49:13.176	Alograg_v4 USDMXN,H4: modify #33944718 buy 0.01 USDMXN at 19.05845 sl: 19.06258 tp: 19.07085 ok
2	13:50:25.653	Alograg_v4 EURGBP,H4: modify #33945046 buy 0.02 USDMXN at 19.05155 sl: 0.00000 tp: 19.05395 ok
2	13:53:28.767	Alograg_v4 USDMXN,H4: modify #33945114 buy 0.01 EURUSD at 1.18081 sl: 0.00000 tp: 1.18321 ok
2	13:53:33.946	Alograg_v4 USDMXN,H4: modify #33945046 buy 0.02 USDMXN at 19.05155 sl: 19.05490 tp: 19.06160 ok
2	13:54:05.676	Alograg_v4 USDMXN,H4: modify #33945046 buy 0.02 USDMXN at 19.05155 sl: 19.05713 tp: 19.06160 ok
2	13:54:05.988	Alograg_v4 USDMXN,H4: modify #33945046 buy 0.02 USDMXN at 19.05155 sl: 19.05862 tp: 19.06160 ok
2	13:56:00.196	Alograg_v4 EURGBP,H4: modify #33945221 buy 0.01 USDMXN at 19.06555 sl: 0.00000 tp: 19.06795 ok
2	13:59:01.250	Alograg_v4 USDMXN,H4: modify #33945221 buy 0.01 USDMXN at 19.06555 sl: 19.06635 tp: 19.06795 ok
2	14:02:03.645	Alograg_v4 EURGBP,H4: modify #33945694 buy 0.05 USDMXN at 19.07757 sl: 0.00000 tp: 19.07997 ok
2	14:03:15.640	Alograg_v4 USDMXN,H4: modify #33945694 buy 0.05 USDMXN at 19.07757 sl: 19.07867 tp: 19.07997 ok
2	14:04:15.606	Alograg_v4 EURGBP,H4: modify #0 buy 0.00  at 0.00000 sl: 0.00000 tp: 0.00000 ok
2	14:04:15.606	Alograg_v4 USDMXN,H4: modify #33945772 buy 0.05 USDMXN at 19.08265 sl: 0.00000 tp: 19.08505 ok
2	14:04:33.281	Alograg_v4 USDMXN,H4: modify #33945822 buy 0.05 USDMXN at 19.08349 sl: 0.00000 tp: 19.08589 ok
2	14:04:33.297	Alograg_v4 EURGBP,H4: modify #33945822 buy 0.05 USDMXN at 19.08349 sl: 0.00000 tp: 19.08589 ok
2	14:47:18.300	Alograg_v4 USDMXN,H4: modify #33880340 buy 0.01 EURGBP at 0.89038 sl: 0.00000 tp: 0.89278 ok
